[debug] [2018-07-13T06:51:21.681Z] ----------------------------------------------------------------------
[debug] [2018-07-13T06:51:21.684Z] Command:       /usr/local/bin/node /usr/local/bin/firebase serve --only functions
[debug] [2018-07-13T06:51:21.684Z] CLI Version:   3.19.3
[debug] [2018-07-13T06:51:21.684Z] Platform:      darwin
[debug] [2018-07-13T06:51:21.684Z] Node Version:  v8.11.3
[debug] [2018-07-13T06:51:21.685Z] Time:          Fri Jul 13 2018 13:51:21 GMT+0700 (+07)
[debug] [2018-07-13T06:51:21.685Z] ----------------------------------------------------------------------
[debug] 
[debug] [2018-07-13T06:51:21.697Z] > command requires scopes: ["email","openid","https://www.googleapis.com/auth/cloudplatformprojects.readonly","https://www.googleapis.com/auth/firebase","https://www.googleapis.com/auth/cloud-platform"]
[debug] [2018-07-13T06:51:21.697Z] > authorizing via signed-in user
[debug] [2018-07-13T06:51:21.699Z] >>> HTTP REQUEST GET https://admin.firebase.com/v1/projects/money-socity  
  
 Fri Jul 13 2018 13:51:21 GMT+0700 (+07)
[debug] [2018-07-13T06:51:24.427Z] <<< HTTP RESPONSE 200
[debug] [2018-07-13T06:51:24.428Z] >>> HTTP REQUEST GET https://admin.firebase.com/v1/database/money-socity/tokens  
  
 Fri Jul 13 2018 13:51:24 GMT+0700 (+07)
[debug] [2018-07-13T06:51:25.399Z] <<< HTTP RESPONSE 200
[debug] [2018-07-13T06:51:25.400Z] > refreshing access token with scopes: ["email","https://www.googleapis.com/auth/cloud-platform","https://www.googleapis.com/auth/cloudplatformprojects.readonly","https://www.googleapis.com/auth/firebase","openid"]
[debug] [2018-07-13T06:51:25.400Z] >>> HTTP REQUEST POST https://www.googleapis.com/oauth2/v3/token  
 { refresh_token: '1/kVeiex6J_JVoMbrAy23hB_g8ozrJtxTLzer-0eBd_gI',
  client_id: '563584335869-fgrhgmd47bqnekij5i8b5pr03ho849e6.apps.googleusercontent.com',
  client_secret: 'j9iVZfS8kkCEFUPaAeJV0sAi',
  grant_type: 'refresh_token',
  scope: 'email https://www.googleapis.com/auth/cloud-platform https://www.googleapis.com/auth/cloudplatformprojects.readonly https://www.googleapis.com/auth/firebase openid' } 
 Fri Jul 13 2018 13:51:25 GMT+0700 (+07)
[debug] [2018-07-13T06:51:25.775Z] <<< HTTP RESPONSE 200
[debug] [2018-07-13T06:51:25.783Z] >>> HTTP REQUEST GET https://cloudresourcemanager.googleapis.com/v1/projects/money-socity  
  
 Fri Jul 13 2018 13:51:25 GMT+0700 (+07)
[debug] [2018-07-13T06:51:27.338Z] <<< HTTP RESPONSE 200
[info] 
[info] === Serving from '/Users/jezus/Documents/workspace/vuejs/Swopper/server'...
[info] 
[info] i  functions: Preparing to emulate functions.
[debug] [2018-07-13T06:51:28.139Z] Fetching environment
[debug] [2018-07-13T06:51:28.140Z] >>> HTTP REQUEST GET https://mobilesdk-pa.googleapis.com/v1/projects/87049908314:getServerAppConfig  
  
 Fri Jul 13 2018 13:51:28 GMT+0700 (+07)
[debug] [2018-07-13T06:51:28.948Z] <<< HTTP RESPONSE 200
[debug] [2018-07-13T06:51:28.948Z] Starting @google-cloud/functions-emulator
[debug] [2018-07-13T06:51:30.491Z] Parsing function triggers
[info] ✔  functions: api3: http://localhost:5000/money-socity/us-central1/api3
